2025-12-08 09:55:21,512 INFO    MainThread:20467 [wandb_init.py:setup_run_log_directory():714] Logging user logs to /home/hossein-simchi/ML/computer-vision/Object detection/Region Proposal Netwrok/notebooks/wandb/run-20251208_095521-w440hzzo/logs/debug.log
2025-12-08 09:55:21,513 INFO    MainThread:20467 [wandb_init.py:setup_run_log_directory():715] Logging internal logs to /home/hossein-simchi/ML/computer-vision/Object detection/Region Proposal Netwrok/notebooks/wandb/run-20251208_095521-w440hzzo/logs/debug-internal.log
2025-12-08 09:55:21,513 INFO    MainThread:20467 [wandb_init.py:init():841] calling init triggers
2025-12-08 09:55:21,513 INFO    MainThread:20467 [wandb_init.py:init():846] wandb.init called with sweep_config: {}
config: {'epochs': 5, 'batch_size': 8, 'lr': 0.001, 'backbone': 'resnet18', 'input_size': '224x224', '_wandb': {}}
2025-12-08 09:55:48,846 INFO    Thread-7 (wrapped_target):20467 [retry.py:__call__():164] [no run ID] Retry attempt failed:
Traceback (most recent call last):
  File "/home/hossein-simchi/jupyter_env/lib/python3.12/site-packages/urllib3/connectionpool.py", line 464, in _make_request
    self._validate_conn(conn)
  File "/home/hossein-simchi/jupyter_env/lib/python3.12/site-packages/urllib3/connectionpool.py", line 1093, in _validate_conn
    conn.connect()
  File "/home/hossein-simchi/jupyter_env/lib/python3.12/site-packages/urllib3/connection.py", line 796, in connect
    sock_and_verified = _ssl_wrap_socket_and_match_hostname(
                        ^^^^^^^^^^^^^^^^^^^^^^^^^^^^^^^^^^^^
  File "/home/hossein-simchi/jupyter_env/lib/python3.12/site-packages/urllib3/connection.py", line 975, in _ssl_wrap_socket_and_match_hostname
    ssl_sock = ssl_wrap_socket(
               ^^^^^^^^^^^^^^^^
  File "/home/hossein-simchi/jupyter_env/lib/python3.12/site-packages/urllib3/util/ssl_.py", line 483, in ssl_wrap_socket
    ssl_sock = _ssl_wrap_socket_impl(sock, context, tls_in_tls, server_hostname)
               ^^^^^^^^^^^^^^^^^^^^^^^^^^^^^^^^^^^^^^^^^^^^^^^^^^^^^^^^^^^^^^^^^
  File "/home/hossein-simchi/jupyter_env/lib/python3.12/site-packages/urllib3/util/ssl_.py", line 527, in _ssl_wrap_socket_impl
    return ssl_context.wrap_socket(sock, server_hostname=server_hostname)
           ^^^^^^^^^^^^^^^^^^^^^^^^^^^^^^^^^^^^^^^^^^^^^^^^^^^^^^^^^^^^^^
  File "/usr/lib/python3.12/ssl.py", line 455, in wrap_socket
    return self.sslsocket_class._create(
           ^^^^^^^^^^^^^^^^^^^^^^^^^^^^^
  File "/usr/lib/python3.12/ssl.py", line 1042, in _create
    self.do_handshake()
  File "/usr/lib/python3.12/ssl.py", line 1320, in do_handshake
    self._sslobj.do_handshake()
ssl.SSLEOFError: [SSL: UNEXPECTED_EOF_WHILE_READING] EOF occurred in violation of protocol (_ssl.c:1000)

During handling of the above exception, another exception occurred:

Traceback (most recent call last):
  File "/home/hossein-simchi/jupyter_env/lib/python3.12/site-packages/urllib3/connectionpool.py", line 787, in urlopen
    response = self._make_request(
               ^^^^^^^^^^^^^^^^^^^
  File "/home/hossein-simchi/jupyter_env/lib/python3.12/site-packages/urllib3/connectionpool.py", line 488, in _make_request
    raise new_e
urllib3.exceptions.SSLError: [SSL: UNEXPECTED_EOF_WHILE_READING] EOF occurred in violation of protocol (_ssl.c:1000)

The above exception was the direct cause of the following exception:

Traceback (most recent call last):
  File "/home/hossein-simchi/jupyter_env/lib/python3.12/site-packages/requests/adapters.py", line 644, in send
    resp = conn.urlopen(
           ^^^^^^^^^^^^^
  File "/home/hossein-simchi/jupyter_env/lib/python3.12/site-packages/urllib3/connectionpool.py", line 841, in urlopen
    retries = retries.increment(
              ^^^^^^^^^^^^^^^^^^
  File "/home/hossein-simchi/jupyter_env/lib/python3.12/site-packages/urllib3/util/retry.py", line 519, in increment
    raise MaxRetryError(_pool, url, reason) from reason  # type: ignore[arg-type]
    ^^^^^^^^^^^^^^^^^^^^^^^^^^^^^^^^^^^^^^^^^^^^^^^^^^^
urllib3.exceptions.MaxRetryError: HTTPSConnectionPool(host='api.wandb.ai', port=443): Max retries exceeded with url: /graphql (Caused by SSLError(SSLEOFError(8, '[SSL: UNEXPECTED_EOF_WHILE_READING] EOF occurred in violation of protocol (_ssl.c:1000)')))

During handling of the above exception, another exception occurred:

Traceback (most recent call last):
  File "/home/hossein-simchi/jupyter_env/lib/python3.12/site-packages/wandb/sdk/lib/retry.py", line 157, in __call__
    result = self._call_fn(*args, **kwargs)
             ^^^^^^^^^^^^^^^^^^^^^^^^^^^^^^
  File "/home/hossein-simchi/jupyter_env/lib/python3.12/site-packages/wandb/sdk/internal/internal_api.py", line 391, in execute
    return self.client.execute(*args, **kwargs)  # type: ignore
           ^^^^^^^^^^^^^^^^^^^^^^^^^^^^^^^^^^^^
  File "/home/hossein-simchi/jupyter_env/lib/python3.12/site-packages/wandb/vendor/gql-0.2.0/wandb_gql/client.py", line 52, in execute
    result = self._get_result(document, *args, **kwargs)
             ^^^^^^^^^^^^^^^^^^^^^^^^^^^^^^^^^^^^^^^^^^^
  File "/home/hossein-simchi/jupyter_env/lib/python3.12/site-packages/wandb/vendor/gql-0.2.0/wandb_gql/client.py", line 60, in _get_result
    return self.transport.execute(document, *args, **kwargs)
           ^^^^^^^^^^^^^^^^^^^^^^^^^^^^^^^^^^^^^^^^^^^^^^^^^
  File "/home/hossein-simchi/jupyter_env/lib/python3.12/site-packages/wandb/sdk/lib/gql_request.py", line 70, in execute
    request = self.session.post(self.url, **post_args)
              ^^^^^^^^^^^^^^^^^^^^^^^^^^^^^^^^^^^^^^^^
  File "/home/hossein-simchi/jupyter_env/lib/python3.12/site-packages/requests/sessions.py", line 637, in post
    return self.request("POST", url, data=data, json=json, **kwargs)
           ^^^^^^^^^^^^^^^^^^^^^^^^^^^^^^^^^^^^^^^^^^^^^^^^^^^^^^^^^
  File "/home/hossein-simchi/jupyter_env/lib/python3.12/site-packages/requests/sessions.py", line 589, in request
    resp = self.send(prep, **send_kwargs)
           ^^^^^^^^^^^^^^^^^^^^^^^^^^^^^^
  File "/home/hossein-simchi/jupyter_env/lib/python3.12/site-packages/requests/sessions.py", line 703, in send
    r = adapter.send(request, **kwargs)
        ^^^^^^^^^^^^^^^^^^^^^^^^^^^^^^^
  File "/home/hossein-simchi/jupyter_env/lib/python3.12/site-packages/requests/adapters.py", line 675, in send
    raise SSLError(e, request=request)
requests.exceptions.SSLError: HTTPSConnectionPool(host='api.wandb.ai', port=443): Max retries exceeded with url: /graphql (Caused by SSLError(SSLEOFError(8, '[SSL: UNEXPECTED_EOF_WHILE_READING] EOF occurred in violation of protocol (_ssl.c:1000)')))
2025-12-08 10:00:04,662 INFO    MainThread:20467 [wandb_init.py:init():889] starting backend
2025-12-08 10:00:04,662 INFO    MainThread:20467 [wandb_init.py:init():892] sending inform_init request
2025-12-08 10:00:04,666 INFO    MainThread:20467 [wandb_init.py:init():900] backend started and connected
2025-12-08 10:00:04,668 INFO    MainThread:20467 [wandb_run.py:_label_probe_notebook():1334] probe notebook
2025-12-08 10:00:04,669 INFO    MainThread:20467 [wandb_run.py:_label_probe_notebook():1344] Unable to probe notebook: 'NoneType' object has no attribute 'get'
2025-12-08 10:00:04,669 INFO    MainThread:20467 [wandb_init.py:init():970] updated telemetry
2025-12-08 10:00:04,677 INFO    MainThread:20467 [wandb_init.py:init():994] communicating run to backend with 90.0 second timeout
